2018-06-08 09:08:58 [scrapy.utils.log] INFO: Scrapy 1.5.0 started (bot: xiecheng)
2018-06-08 09:08:58 [scrapy.utils.log] INFO: Versions: lxml 4.2.1.0, libxml2 2.9.5, cssselect 1.0.3, parsel 1.4.0, w3lib 1.19.0, Twisted 18.4.0, Python 3.6.3 (v3.6.3:2c5fed8, Oct  3 2017, 18:11:49) [MSC v.1900 64 bit (AMD64)], pyOpenSSL 17.5.0 (OpenSSL 1.1.0h  27 Mar 2018), cryptography 2.2.2, Platform Windows-7-6.1.7601-SP1
2018-06-08 09:08:58 [scrapy.crawler] INFO: Overridden settings: {'BOT_NAME': 'xiecheng', 'DUPEFILTER_CLASS': 'scrapy_redis.dupefilter.RFPDupeFilter', 'LOG_FILE': '.\\XC_spider.log', 'LOG_LEVEL': 'INFO', 'NEWSPIDER_MODULE': 'xiecheng.spiders', 'SPIDER_MODULES': ['xiecheng.spiders'], 'USER_AGENT': 'Mozilla/5.0 (Windows NT 6.1; Win64; x64) AppleWebKit/537.36 (KHTML, like Gecko) Chrome/66.0.3359.139 Safari/537.36'}
2018-06-08 09:08:58 [scrapy.middleware] INFO: Enabled extensions:
['scrapy.extensions.corestats.CoreStats',
 'scrapy.extensions.telnet.TelnetConsole',
 'scrapy.extensions.logstats.LogStats']
2018-06-08 09:08:58 [XC] INFO: Reading start URLs from redis key 'XC:start_urls' (batch size: 16, encoding: utf-8
2018-06-08 09:08:58 [scrapy.middleware] INFO: Enabled downloader middlewares:
['scrapy.downloadermiddlewares.httpauth.HttpAuthMiddleware',
 'scrapy.downloadermiddlewares.downloadtimeout.DownloadTimeoutMiddleware',
 'scrapy.downloadermiddlewares.defaultheaders.DefaultHeadersMiddleware',
 'scrapy.downloadermiddlewares.useragent.UserAgentMiddleware',
 'xiecheng.middlewares.ProxyDownloaderMiddleware',
 'scrapy.downloadermiddlewares.retry.RetryMiddleware',
 'scrapy.downloadermiddlewares.redirect.MetaRefreshMiddleware',
 'scrapy.downloadermiddlewares.httpcompression.HttpCompressionMiddleware',
 'scrapy.downloadermiddlewares.redirect.RedirectMiddleware',
 'scrapy.downloadermiddlewares.cookies.CookiesMiddleware',
 'scrapy.downloadermiddlewares.httpproxy.HttpProxyMiddleware',
 'scrapy.downloadermiddlewares.stats.DownloaderStats']
2018-06-08 09:08:58 [scrapy.middleware] INFO: Enabled spider middlewares:
['scrapy.spidermiddlewares.httperror.HttpErrorMiddleware',
 'scrapy.spidermiddlewares.offsite.OffsiteMiddleware',
 'scrapy.spidermiddlewares.referer.RefererMiddleware',
 'scrapy.spidermiddlewares.urllength.UrlLengthMiddleware',
 'scrapy.spidermiddlewares.depth.DepthMiddleware']
2018-06-08 09:08:59 [scrapy.middleware] INFO: Enabled item pipelines:
['xiecheng.pipelines.XiechengPipeline']
2018-06-08 09:08:59 [scrapy.core.engine] INFO: Spider opened
2018-06-08 09:08:59 [scrapy.extensions.logstats] INFO: Crawled 0 pages (at 0 pages/min), scraped 0 items (at 0 items/min)
2018-06-08 09:10:04 [scrapy.extensions.logstats] INFO: Crawled 26 pages (at 26 pages/min), scraped 259 items (at 259 items/min)
2018-06-08 09:11:03 [scrapy.extensions.logstats] INFO: Crawled 26 pages (at 0 pages/min), scraped 488 items (at 229 items/min)
2018-06-08 09:12:00 [scrapy.extensions.logstats] INFO: Crawled 26 pages (at 0 pages/min), scraped 744 items (at 256 items/min)
2018-06-08 09:13:02 [scrapy.extensions.logstats] INFO: Crawled 42 pages (at 16 pages/min), scraped 1010 items (at 266 items/min)
2018-06-08 09:14:04 [scrapy.extensions.logstats] INFO: Crawled 58 pages (at 16 pages/min), scraped 1233 items (at 223 items/min)
2018-06-08 09:15:06 [scrapy.extensions.logstats] INFO: Crawled 74 pages (at 16 pages/min), scraped 1449 items (at 216 items/min)
2018-06-08 09:16:03 [scrapy.extensions.logstats] INFO: Crawled 90 pages (at 16 pages/min), scraped 1654 items (at 205 items/min)
2018-06-08 09:17:02 [scrapy.extensions.logstats] INFO: Crawled 90 pages (at 0 pages/min), scraped 1885 items (at 231 items/min)
2018-06-08 09:18:04 [scrapy.extensions.logstats] INFO: Crawled 106 pages (at 16 pages/min), scraped 2133 items (at 248 items/min)
2018-06-08 09:19:01 [scrapy.extensions.logstats] INFO: Crawled 106 pages (at 0 pages/min), scraped 2374 items (at 241 items/min)
2018-06-08 09:20:04 [scrapy.extensions.logstats] INFO: Crawled 122 pages (at 16 pages/min), scraped 2623 items (at 249 items/min)
2018-06-08 09:21:02 [scrapy.extensions.logstats] INFO: Crawled 122 pages (at 0 pages/min), scraped 2844 items (at 221 items/min)
2018-06-08 09:22:03 [scrapy.extensions.logstats] INFO: Crawled 138 pages (at 16 pages/min), scraped 3035 items (at 191 items/min)
2018-06-08 09:23:03 [scrapy.extensions.logstats] INFO: Crawled 138 pages (at 0 pages/min), scraped 3255 items (at 220 items/min)
2018-06-08 09:24:09 [scrapy.extensions.logstats] INFO: Crawled 162 pages (at 24 pages/min), scraped 3448 items (at 193 items/min)
2018-06-08 09:25:06 [scrapy.extensions.logstats] INFO: Crawled 162 pages (at 0 pages/min), scraped 3619 items (at 171 items/min)
2018-06-08 09:26:06 [scrapy.extensions.logstats] INFO: Crawled 178 pages (at 16 pages/min), scraped 3822 items (at 203 items/min)
2018-06-08 09:27:07 [scrapy.extensions.logstats] INFO: Crawled 178 pages (at 0 pages/min), scraped 3994 items (at 172 items/min)
2018-06-08 09:28:05 [scrapy.extensions.logstats] INFO: Crawled 194 pages (at 16 pages/min), scraped 4172 items (at 178 items/min)
2018-06-08 09:29:01 [scrapy.extensions.logstats] INFO: Crawled 202 pages (at 8 pages/min), scraped 4383 items (at 211 items/min)
2018-06-08 09:30:02 [scrapy.extensions.logstats] INFO: Crawled 210 pages (at 8 pages/min), scraped 4630 items (at 247 items/min)
2018-06-08 09:31:02 [scrapy.extensions.logstats] INFO: Crawled 226 pages (at 16 pages/min), scraped 4896 items (at 266 items/min)
2018-06-08 09:32:06 [scrapy.extensions.logstats] INFO: Crawled 242 pages (at 16 pages/min), scraped 5123 items (at 227 items/min)
2018-06-08 09:33:02 [scrapy.extensions.logstats] INFO: Crawled 242 pages (at 0 pages/min), scraped 5311 items (at 188 items/min)
2018-06-08 09:34:04 [scrapy.extensions.logstats] INFO: Crawled 260 pages (at 18 pages/min), scraped 5511 items (at 200 items/min)
2018-06-08 09:35:04 [scrapy.extensions.logstats] INFO: Crawled 276 pages (at 16 pages/min), scraped 5702 items (at 191 items/min)
2018-06-08 09:36:02 [scrapy.extensions.logstats] INFO: Crawled 276 pages (at 0 pages/min), scraped 5919 items (at 217 items/min)
2018-06-08 09:37:08 [scrapy.extensions.logstats] INFO: Crawled 298 pages (at 22 pages/min), scraped 6159 items (at 240 items/min)
2018-06-08 09:38:02 [scrapy.extensions.logstats] INFO: Crawled 312 pages (at 14 pages/min), scraped 6349 items (at 190 items/min)
2018-06-08 09:39:02 [scrapy.extensions.logstats] INFO: Crawled 312 pages (at 0 pages/min), scraped 6530 items (at 181 items/min)
2018-06-08 09:40:06 [scrapy.extensions.logstats] INFO: Crawled 327 pages (at 15 pages/min), scraped 6709 items (at 179 items/min)
2018-06-08 09:41:04 [scrapy.extensions.logstats] INFO: Crawled 338 pages (at 11 pages/min), scraped 6877 items (at 168 items/min)
2018-06-08 09:42:05 [scrapy.extensions.logstats] INFO: Crawled 354 pages (at 16 pages/min), scraped 7060 items (at 183 items/min)
2018-06-08 09:43:03 [scrapy.extensions.logstats] INFO: Crawled 363 pages (at 9 pages/min), scraped 7255 items (at 195 items/min)
2018-06-08 09:44:02 [scrapy.extensions.logstats] INFO: Crawled 375 pages (at 12 pages/min), scraped 7436 items (at 181 items/min)
2018-06-08 09:45:05 [scrapy.extensions.logstats] INFO: Crawled 389 pages (at 14 pages/min), scraped 7674 items (at 238 items/min)
2018-06-08 09:46:03 [scrapy.extensions.logstats] INFO: Crawled 405 pages (at 16 pages/min), scraped 7894 items (at 220 items/min)
2018-06-08 09:47:03 [scrapy.extensions.logstats] INFO: Crawled 421 pages (at 16 pages/min), scraped 8130 items (at 236 items/min)
2018-06-08 09:48:04 [scrapy.extensions.logstats] INFO: Crawled 435 pages (at 14 pages/min), scraped 8303 items (at 173 items/min)
2018-06-08 09:49:01 [scrapy.extensions.logstats] INFO: Crawled 448 pages (at 13 pages/min), scraped 8478 items (at 175 items/min)
2018-06-08 09:50:00 [scrapy.extensions.logstats] INFO: Crawled 464 pages (at 16 pages/min), scraped 8619 items (at 141 items/min)
2018-06-08 09:51:01 [scrapy.extensions.logstats] INFO: Crawled 499 pages (at 35 pages/min), scraped 8772 items (at 153 items/min)
2018-06-08 09:52:00 [scrapy.extensions.logstats] INFO: Crawled 542 pages (at 43 pages/min), scraped 8906 items (at 134 items/min)
2018-06-08 09:53:01 [scrapy.extensions.logstats] INFO: Crawled 599 pages (at 57 pages/min), scraped 9033 items (at 127 items/min)
2018-06-08 09:54:01 [scrapy.extensions.logstats] INFO: Crawled 618 pages (at 19 pages/min), scraped 9193 items (at 160 items/min)
2018-06-08 09:55:04 [scrapy.extensions.logstats] INFO: Crawled 618 pages (at 0 pages/min), scraped 9340 items (at 147 items/min)
2018-06-08 09:56:02 [scrapy.extensions.logstats] INFO: Crawled 634 pages (at 16 pages/min), scraped 9594 items (at 254 items/min)
2018-06-08 09:57:02 [scrapy.extensions.logstats] INFO: Crawled 634 pages (at 0 pages/min), scraped 9875 items (at 281 items/min)
2018-06-08 09:58:03 [scrapy.extensions.logstats] INFO: Crawled 650 pages (at 16 pages/min), scraped 10114 items (at 239 items/min)
2018-06-08 09:59:08 [scrapy.extensions.logstats] INFO: Crawled 650 pages (at 0 pages/min), scraped 10332 items (at 218 items/min)
2018-06-08 10:00:00 [scrapy.extensions.logstats] INFO: Crawled 658 pages (at 8 pages/min), scraped 10542 items (at 210 items/min)
2018-06-08 10:01:03 [scrapy.extensions.logstats] INFO: Crawled 666 pages (at 8 pages/min), scraped 10821 items (at 279 items/min)
2018-06-08 10:02:04 [scrapy.extensions.logstats] INFO: Crawled 682 pages (at 16 pages/min), scraped 11104 items (at 283 items/min)
2018-06-08 10:03:02 [scrapy.extensions.logstats] INFO: Crawled 682 pages (at 0 pages/min), scraped 11343 items (at 239 items/min)
2018-06-08 10:04:04 [scrapy.extensions.logstats] INFO: Crawled 698 pages (at 16 pages/min), scraped 11590 items (at 247 items/min)
2018-06-08 10:05:04 [scrapy.extensions.logstats] INFO: Crawled 698 pages (at 0 pages/min), scraped 11776 items (at 186 items/min)
2018-06-08 10:06:02 [scrapy.extensions.logstats] INFO: Crawled 698 pages (at 0 pages/min), scraped 11987 items (at 211 items/min)
2018-06-08 10:07:04 [scrapy.extensions.logstats] INFO: Crawled 714 pages (at 16 pages/min), scraped 12266 items (at 279 items/min)
2018-06-08 10:08:04 [scrapy.extensions.logstats] INFO: Crawled 714 pages (at 0 pages/min), scraped 12491 items (at 225 items/min)
2018-06-08 10:09:04 [scrapy.extensions.logstats] INFO: Crawled 730 pages (at 16 pages/min), scraped 12734 items (at 243 items/min)
2018-06-08 10:10:04 [scrapy.extensions.logstats] INFO: Crawled 730 pages (at 0 pages/min), scraped 12943 items (at 209 items/min)
2018-06-08 10:11:00 [scrapy.extensions.logstats] INFO: Crawled 730 pages (at 0 pages/min), scraped 13185 items (at 242 items/min)
2018-06-08 10:12:03 [scrapy.extensions.logstats] INFO: Crawled 746 pages (at 16 pages/min), scraped 13414 items (at 229 items/min)
2018-06-08 10:13:01 [scrapy.extensions.logstats] INFO: Crawled 746 pages (at 0 pages/min), scraped 13620 items (at 206 items/min)
2018-06-08 10:14:03 [scrapy.extensions.logstats] INFO: Crawled 762 pages (at 16 pages/min), scraped 13828 items (at 208 items/min)
2018-06-08 10:15:00 [scrapy.extensions.logstats] INFO: Crawled 762 pages (at 0 pages/min), scraped 14037 items (at 209 items/min)
2018-06-08 10:16:03 [scrapy.extensions.logstats] INFO: Crawled 778 pages (at 16 pages/min), scraped 14281 items (at 244 items/min)
2018-06-08 10:17:05 [scrapy.extensions.logstats] INFO: Crawled 794 pages (at 16 pages/min), scraped 14506 items (at 225 items/min)
2018-06-08 10:18:04 [scrapy.extensions.logstats] INFO: Crawled 794 pages (at 0 pages/min), scraped 14703 items (at 197 items/min)
2018-06-08 10:19:03 [scrapy.extensions.logstats] INFO: Crawled 810 pages (at 16 pages/min), scraped 14911 items (at 208 items/min)
2018-06-08 10:20:02 [scrapy.extensions.logstats] INFO: Crawled 810 pages (at 0 pages/min), scraped 15116 items (at 205 items/min)
2018-06-08 10:21:07 [scrapy.extensions.logstats] INFO: Crawled 826 pages (at 16 pages/min), scraped 15347 items (at 231 items/min)
2018-06-08 10:22:03 [scrapy.extensions.logstats] INFO: Crawled 826 pages (at 0 pages/min), scraped 15539 items (at 192 items/min)
2018-06-08 10:23:01 [scrapy.extensions.logstats] INFO: Crawled 826 pages (at 0 pages/min), scraped 15767 items (at 228 items/min)
2018-06-08 10:24:03 [scrapy.extensions.logstats] INFO: Crawled 842 pages (at 16 pages/min), scraped 16028 items (at 261 items/min)
2018-06-08 10:25:02 [scrapy.extensions.logstats] INFO: Crawled 842 pages (at 0 pages/min), scraped 16271 items (at 243 items/min)
2018-06-08 10:26:02 [scrapy.extensions.logstats] INFO: Crawled 858 pages (at 16 pages/min), scraped 16565 items (at 294 items/min)
2018-06-08 10:27:03 [scrapy.extensions.logstats] INFO: Crawled 858 pages (at 0 pages/min), scraped 16844 items (at 279 items/min)
2018-06-08 10:28:00 [scrapy.extensions.logstats] INFO: Crawled 858 pages (at 0 pages/min), scraped 17099 items (at 255 items/min)
2018-06-08 10:29:07 [scrapy.extensions.logstats] INFO: Crawled 874 pages (at 16 pages/min), scraped 17319 items (at 220 items/min)
2018-06-08 10:30:01 [scrapy.extensions.logstats] INFO: Crawled 874 pages (at 0 pages/min), scraped 17576 items (at 257 items/min)
2018-06-08 10:31:02 [scrapy.extensions.logstats] INFO: Crawled 890 pages (at 16 pages/min), scraped 17872 items (at 296 items/min)
2018-06-08 10:32:00 [scrapy.extensions.logstats] INFO: Crawled 890 pages (at 0 pages/min), scraped 18138 items (at 266 items/min)
2018-06-08 10:33:02 [scrapy.extensions.logstats] INFO: Crawled 906 pages (at 16 pages/min), scraped 18395 items (at 257 items/min)
2018-06-08 10:34:01 [scrapy.extensions.logstats] INFO: Crawled 906 pages (at 0 pages/min), scraped 18649 items (at 254 items/min)
2018-06-08 10:35:04 [scrapy.extensions.logstats] INFO: Crawled 922 pages (at 16 pages/min), scraped 18834 items (at 185 items/min)
2018-06-08 10:36:00 [scrapy.extensions.logstats] INFO: Crawled 922 pages (at 0 pages/min), scraped 19115 items (at 281 items/min)
2018-06-08 10:37:03 [scrapy.extensions.logstats] INFO: Crawled 940 pages (at 18 pages/min), scraped 19370 items (at 255 items/min)
2018-06-08 10:38:02 [scrapy.extensions.logstats] INFO: Crawled 940 pages (at 0 pages/min), scraped 19662 items (at 292 items/min)
2018-06-08 10:39:02 [scrapy.extensions.logstats] INFO: Crawled 957 pages (at 17 pages/min), scraped 19936 items (at 274 items/min)
2018-06-08 10:40:02 [scrapy.extensions.logstats] INFO: Crawled 957 pages (at 0 pages/min), scraped 20216 items (at 280 items/min)
2018-06-08 10:41:02 [scrapy.extensions.logstats] INFO: Crawled 973 pages (at 16 pages/min), scraped 20505 items (at 289 items/min)
2018-06-08 10:42:01 [scrapy.extensions.logstats] INFO: Crawled 973 pages (at 0 pages/min), scraped 20789 items (at 284 items/min)
2018-06-08 10:43:03 [scrapy.extensions.logstats] INFO: Crawled 989 pages (at 16 pages/min), scraped 21075 items (at 286 items/min)
2018-06-08 10:44:01 [scrapy.extensions.logstats] INFO: Crawled 989 pages (at 0 pages/min), scraped 21298 items (at 223 items/min)
2018-06-08 10:45:01 [scrapy.extensions.logstats] INFO: Crawled 1005 pages (at 16 pages/min), scraped 21589 items (at 291 items/min)
2018-06-08 10:46:03 [scrapy.extensions.logstats] INFO: Crawled 1021 pages (at 16 pages/min), scraped 21838 items (at 249 items/min)
2018-06-08 10:47:02 [scrapy.extensions.logstats] INFO: Crawled 1021 pages (at 0 pages/min), scraped 22071 items (at 233 items/min)
2018-06-08 10:48:04 [scrapy.extensions.logstats] INFO: Crawled 1037 pages (at 16 pages/min), scraped 22312 items (at 241 items/min)
2018-06-08 10:49:04 [scrapy.extensions.logstats] INFO: Crawled 1037 pages (at 0 pages/min), scraped 22519 items (at 207 items/min)
2018-06-08 10:50:03 [scrapy.extensions.logstats] INFO: Crawled 1053 pages (at 16 pages/min), scraped 22740 items (at 221 items/min)
2018-06-08 10:51:01 [scrapy.extensions.logstats] INFO: Crawled 1053 pages (at 0 pages/min), scraped 22988 items (at 248 items/min)
2018-06-08 10:52:04 [scrapy.extensions.logstats] INFO: Crawled 1069 pages (at 16 pages/min), scraped 23234 items (at 246 items/min)
2018-06-08 10:53:02 [scrapy.extensions.logstats] INFO: Crawled 1069 pages (at 0 pages/min), scraped 23447 items (at 213 items/min)
2018-06-08 10:54:03 [scrapy.extensions.logstats] INFO: Crawled 1085 pages (at 16 pages/min), scraped 23707 items (at 260 items/min)
2018-06-08 10:55:02 [scrapy.extensions.logstats] INFO: Crawled 1085 pages (at 0 pages/min), scraped 23909 items (at 202 items/min)
2018-06-08 10:56:02 [scrapy.extensions.logstats] INFO: Crawled 1101 pages (at 16 pages/min), scraped 24137 items (at 228 items/min)
2018-06-08 10:57:04 [scrapy.extensions.logstats] INFO: Crawled 1101 pages (at 0 pages/min), scraped 24367 items (at 230 items/min)
2018-06-08 10:58:06 [scrapy.extensions.logstats] INFO: Crawled 1123 pages (at 22 pages/min), scraped 24601 items (at 234 items/min)
2018-06-08 10:59:03 [scrapy.extensions.logstats] INFO: Crawled 1123 pages (at 0 pages/min), scraped 24866 items (at 265 items/min)
2018-06-08 11:00:03 [scrapy.extensions.logstats] INFO: Crawled 1139 pages (at 16 pages/min), scraped 25165 items (at 299 items/min)
2018-06-08 11:01:03 [scrapy.extensions.logstats] INFO: Crawled 1155 pages (at 16 pages/min), scraped 25454 items (at 289 items/min)
2018-06-08 11:02:02 [scrapy.extensions.logstats] INFO: Crawled 1155 pages (at 0 pages/min), scraped 25745 items (at 291 items/min)
2018-06-08 11:03:04 [scrapy.extensions.logstats] INFO: Crawled 1171 pages (at 16 pages/min), scraped 26008 items (at 263 items/min)
2018-06-08 11:04:02 [scrapy.extensions.logstats] INFO: Crawled 1186 pages (at 15 pages/min), scraped 26223 items (at 215 items/min)
2018-06-08 11:05:02 [scrapy.extensions.logstats] INFO: Crawled 1187 pages (at 1 pages/min), scraped 26547 items (at 324 items/min)
2018-06-08 11:06:03 [scrapy.extensions.logstats] INFO: Crawled 1203 pages (at 16 pages/min), scraped 26842 items (at 295 items/min)
2018-06-08 11:07:01 [scrapy.extensions.logstats] INFO: Crawled 1203 pages (at 0 pages/min), scraped 27089 items (at 247 items/min)
2018-06-08 11:08:05 [scrapy.extensions.logstats] INFO: Crawled 1226 pages (at 23 pages/min), scraped 27347 items (at 258 items/min)
2018-06-08 11:09:01 [scrapy.extensions.logstats] INFO: Crawled 1226 pages (at 0 pages/min), scraped 27588 items (at 241 items/min)
2018-06-08 11:10:03 [scrapy.extensions.logstats] INFO: Crawled 1242 pages (at 16 pages/min), scraped 27844 items (at 256 items/min)
2018-06-08 11:11:02 [scrapy.extensions.logstats] INFO: Crawled 1258 pages (at 16 pages/min), scraped 28069 items (at 225 items/min)
2018-06-08 11:12:05 [scrapy.extensions.logstats] INFO: Crawled 1282 pages (at 24 pages/min), scraped 28362 items (at 293 items/min)
2018-06-08 11:13:02 [scrapy.extensions.logstats] INFO: Crawled 1282 pages (at 0 pages/min), scraped 28634 items (at 272 items/min)
2018-06-08 11:14:03 [scrapy.extensions.logstats] INFO: Crawled 1298 pages (at 16 pages/min), scraped 28874 items (at 240 items/min)
2018-06-08 11:15:04 [scrapy.extensions.logstats] INFO: Crawled 1314 pages (at 16 pages/min), scraped 29103 items (at 229 items/min)
2018-06-08 11:16:02 [scrapy.extensions.logstats] INFO: Crawled 1314 pages (at 0 pages/min), scraped 29376 items (at 273 items/min)
2018-06-08 11:17:03 [scrapy.extensions.logstats] INFO: Crawled 1330 pages (at 16 pages/min), scraped 29650 items (at 274 items/min)
2018-06-08 11:18:01 [scrapy.extensions.logstats] INFO: Crawled 1330 pages (at 0 pages/min), scraped 29923 items (at 273 items/min)
2018-06-08 11:19:03 [scrapy.extensions.logstats] INFO: Crawled 1346 pages (at 16 pages/min), scraped 30213 items (at 290 items/min)
2018-06-08 11:20:02 [scrapy.extensions.logstats] INFO: Crawled 1346 pages (at 0 pages/min), scraped 30472 items (at 259 items/min)
2018-06-08 11:21:03 [scrapy.extensions.logstats] INFO: Crawled 1362 pages (at 16 pages/min), scraped 30748 items (at 276 items/min)
2018-06-08 11:22:01 [scrapy.extensions.logstats] INFO: Crawled 1362 pages (at 0 pages/min), scraped 31012 items (at 264 items/min)
2018-06-08 11:23:02 [scrapy.extensions.logstats] INFO: Crawled 1378 pages (at 16 pages/min), scraped 31339 items (at 327 items/min)
2018-06-08 11:24:02 [scrapy.extensions.logstats] INFO: Crawled 1386 pages (at 8 pages/min), scraped 31698 items (at 359 items/min)
2018-06-08 11:25:02 [scrapy.extensions.logstats] INFO: Crawled 1392 pages (at 6 pages/min), scraped 31925 items (at 227 items/min)
2018-06-08 11:26:02 [scrapy.extensions.logstats] INFO: Crawled 1409 pages (at 17 pages/min), scraped 32210 items (at 285 items/min)
2018-06-08 11:27:01 [scrapy.extensions.logstats] INFO: Crawled 1422 pages (at 13 pages/min), scraped 32497 items (at 287 items/min)
2018-06-08 11:28:00 [scrapy.extensions.logstats] INFO: Crawled 1439 pages (at 17 pages/min), scraped 32783 items (at 286 items/min)
2018-06-08 11:29:01 [scrapy.extensions.logstats] INFO: Crawled 1461 pages (at 22 pages/min), scraped 33104 items (at 321 items/min)
2018-06-08 11:30:01 [scrapy.extensions.logstats] INFO: Crawled 1473 pages (at 12 pages/min), scraped 33395 items (at 291 items/min)
2018-06-08 11:31:02 [scrapy.extensions.logstats] INFO: Crawled 1492 pages (at 19 pages/min), scraped 33667 items (at 272 items/min)
2018-06-08 11:32:00 [scrapy.extensions.logstats] INFO: Crawled 1500 pages (at 8 pages/min), scraped 33975 items (at 308 items/min)
2018-06-08 11:33:01 [scrapy.extensions.logstats] INFO: Crawled 1517 pages (at 17 pages/min), scraped 34278 items (at 303 items/min)
2018-06-08 11:34:03 [scrapy.extensions.logstats] INFO: Crawled 1542 pages (at 25 pages/min), scraped 34548 items (at 270 items/min)
2018-06-08 11:35:01 [scrapy.extensions.logstats] INFO: Crawled 1551 pages (at 9 pages/min), scraped 34873 items (at 325 items/min)
2018-06-08 11:36:00 [scrapy.extensions.logstats] INFO: Crawled 1591 pages (at 40 pages/min), scraped 35173 items (at 300 items/min)
2018-06-08 11:37:00 [scrapy.extensions.logstats] INFO: Crawled 1613 pages (at 22 pages/min), scraped 35526 items (at 353 items/min)
2018-06-08 11:38:01 [scrapy.extensions.logstats] INFO: Crawled 1640 pages (at 27 pages/min), scraped 35852 items (at 326 items/min)
2018-06-08 11:39:02 [scrapy.extensions.logstats] INFO: Crawled 1655 pages (at 15 pages/min), scraped 36094 items (at 242 items/min)
2018-06-08 11:40:01 [scrapy.extensions.logstats] INFO: Crawled 1673 pages (at 18 pages/min), scraped 36342 items (at 248 items/min)
2018-06-08 11:41:01 [scrapy.extensions.logstats] INFO: Crawled 1693 pages (at 20 pages/min), scraped 36665 items (at 323 items/min)
2018-06-08 11:42:02 [scrapy.extensions.logstats] INFO: Crawled 1711 pages (at 18 pages/min), scraped 36925 items (at 260 items/min)
2018-06-08 11:43:01 [scrapy.extensions.logstats] INFO: Crawled 1732 pages (at 21 pages/min), scraped 37272 items (at 347 items/min)
2018-06-08 11:44:01 [scrapy.extensions.logstats] INFO: Crawled 1749 pages (at 17 pages/min), scraped 37556 items (at 284 items/min)
2018-06-08 11:45:01 [scrapy.extensions.logstats] INFO: Crawled 1776 pages (at 27 pages/min), scraped 37936 items (at 380 items/min)
2018-06-08 11:46:02 [scrapy.extensions.logstats] INFO: Crawled 1795 pages (at 19 pages/min), scraped 38201 items (at 265 items/min)
2018-06-08 11:47:00 [scrapy.extensions.logstats] INFO: Crawled 1818 pages (at 23 pages/min), scraped 38515 items (at 314 items/min)
2018-06-08 11:48:00 [scrapy.extensions.logstats] INFO: Crawled 1832 pages (at 14 pages/min), scraped 38797 items (at 282 items/min)
2018-06-08 11:49:01 [scrapy.extensions.logstats] INFO: Crawled 1848 pages (at 16 pages/min), scraped 39116 items (at 319 items/min)
2018-06-08 11:50:04 [scrapy.extensions.logstats] INFO: Crawled 1868 pages (at 20 pages/min), scraped 39407 items (at 291 items/min)
2018-06-08 11:51:03 [scrapy.extensions.logstats] INFO: Crawled 1883 pages (at 15 pages/min), scraped 39680 items (at 273 items/min)
2018-06-08 11:52:01 [scrapy.extensions.logstats] INFO: Crawled 1898 pages (at 15 pages/min), scraped 39937 items (at 257 items/min)
2018-06-08 11:53:01 [scrapy.extensions.logstats] INFO: Crawled 1909 pages (at 11 pages/min), scraped 40114 items (at 177 items/min)
2018-06-08 11:54:01 [scrapy.extensions.logstats] INFO: Crawled 1911 pages (at 2 pages/min), scraped 40323 items (at 209 items/min)
2018-06-08 11:55:03 [scrapy.extensions.logstats] INFO: Crawled 1929 pages (at 18 pages/min), scraped 40596 items (at 273 items/min)
2018-06-08 11:56:02 [scrapy.extensions.logstats] INFO: Crawled 1950 pages (at 21 pages/min), scraped 40857 items (at 261 items/min)
2018-06-08 11:57:02 [scrapy.extensions.logstats] INFO: Crawled 1974 pages (at 24 pages/min), scraped 41136 items (at 279 items/min)
2018-06-08 11:58:00 [scrapy.extensions.logstats] INFO: Crawled 2019 pages (at 45 pages/min), scraped 41405 items (at 269 items/min)
2018-06-08 11:59:02 [scrapy.extensions.logstats] INFO: Crawled 2043 pages (at 24 pages/min), scraped 41632 items (at 227 items/min)
2018-06-08 12:00:01 [scrapy.extensions.logstats] INFO: Crawled 2067 pages (at 24 pages/min), scraped 41859 items (at 227 items/min)
2018-06-08 12:01:01 [scrapy.extensions.logstats] INFO: Crawled 2098 pages (at 31 pages/min), scraped 42166 items (at 307 items/min)
2018-06-08 12:02:00 [scrapy.extensions.logstats] INFO: Crawled 2124 pages (at 26 pages/min), scraped 42380 items (at 214 items/min)
2018-06-08 12:03:01 [scrapy.extensions.logstats] INFO: Crawled 2153 pages (at 29 pages/min), scraped 42656 items (at 276 items/min)
2018-06-08 12:04:00 [scrapy.extensions.logstats] INFO: Crawled 2178 pages (at 25 pages/min), scraped 42896 items (at 240 items/min)
2018-06-08 12:05:01 [scrapy.extensions.logstats] INFO: Crawled 2210 pages (at 32 pages/min), scraped 43218 items (at 322 items/min)
2018-06-08 12:06:00 [scrapy.extensions.logstats] INFO: Crawled 2243 pages (at 33 pages/min), scraped 43510 items (at 292 items/min)
2018-06-08 12:07:01 [scrapy.extensions.logstats] INFO: Crawled 2274 pages (at 31 pages/min), scraped 43822 items (at 312 items/min)
2018-06-08 12:08:01 [scrapy.extensions.logstats] INFO: Crawled 2305 pages (at 31 pages/min), scraped 44120 items (at 298 items/min)
2018-06-08 12:09:02 [scrapy.extensions.logstats] INFO: Crawled 2321 pages (at 16 pages/min), scraped 44402 items (at 282 items/min)
2018-06-08 12:10:02 [scrapy.extensions.logstats] INFO: Crawled 2332 pages (at 11 pages/min), scraped 44688 items (at 286 items/min)
2018-06-08 12:11:01 [scrapy.extensions.logstats] INFO: Crawled 2346 pages (at 14 pages/min), scraped 44979 items (at 291 items/min)
2018-06-08 12:12:00 [scrapy.extensions.logstats] INFO: Crawled 2373 pages (at 27 pages/min), scraped 45202 items (at 223 items/min)
2018-06-08 12:13:00 [scrapy.extensions.logstats] INFO: Crawled 2416 pages (at 43 pages/min), scraped 45530 items (at 328 items/min)
2018-06-08 12:14:00 [scrapy.extensions.logstats] INFO: Crawled 2450 pages (at 34 pages/min), scraped 45872 items (at 342 items/min)
2018-06-08 12:15:01 [scrapy.extensions.logstats] INFO: Crawled 2488 pages (at 38 pages/min), scraped 46124 items (at 252 items/min)
2018-06-08 12:16:00 [scrapy.extensions.logstats] INFO: Crawled 2518 pages (at 30 pages/min), scraped 46404 items (at 280 items/min)
2018-06-08 12:17:01 [scrapy.extensions.logstats] INFO: Crawled 2533 pages (at 15 pages/min), scraped 46734 items (at 330 items/min)
2018-06-08 12:18:01 [scrapy.extensions.logstats] INFO: Crawled 2555 pages (at 22 pages/min), scraped 47112 items (at 378 items/min)
2018-06-08 12:19:00 [scrapy.extensions.logstats] INFO: Crawled 2579 pages (at 24 pages/min), scraped 47225 items (at 113 items/min)
2018-06-08 12:20:01 [scrapy.extensions.logstats] INFO: Crawled 2614 pages (at 35 pages/min), scraped 47507 items (at 282 items/min)
2018-06-08 12:21:01 [scrapy.extensions.logstats] INFO: Crawled 2643 pages (at 29 pages/min), scraped 47682 items (at 175 items/min)
2018-06-08 12:22:00 [scrapy.extensions.logstats] INFO: Crawled 2655 pages (at 12 pages/min), scraped 48004 items (at 322 items/min)
2018-06-08 12:23:03 [scrapy.extensions.logstats] INFO: Crawled 2674 pages (at 19 pages/min), scraped 48278 items (at 274 items/min)
2018-06-08 12:24:01 [scrapy.extensions.logstats] INFO: Crawled 2693 pages (at 19 pages/min), scraped 48560 items (at 282 items/min)
2018-06-08 12:25:01 [scrapy.extensions.logstats] INFO: Crawled 2715 pages (at 22 pages/min), scraped 48904 items (at 344 items/min)
2018-06-08 12:26:01 [scrapy.extensions.logstats] INFO: Crawled 2731 pages (at 16 pages/min), scraped 49157 items (at 253 items/min)
2018-06-08 12:27:01 [scrapy.extensions.logstats] INFO: Crawled 2744 pages (at 13 pages/min), scraped 49316 items (at 159 items/min)
2018-06-08 12:28:02 [scrapy.extensions.logstats] INFO: Crawled 2764 pages (at 20 pages/min), scraped 49432 items (at 116 items/min)
2018-06-08 12:29:01 [scrapy.extensions.logstats] INFO: Crawled 2785 pages (at 21 pages/min), scraped 49683 items (at 251 items/min)
2018-06-08 12:29:59 [scrapy.extensions.logstats] INFO: Crawled 2799 pages (at 14 pages/min), scraped 49927 items (at 244 items/min)
2018-06-08 12:30:59 [scrapy.extensions.logstats] INFO: Crawled 2807 pages (at 8 pages/min), scraped 49927 items (at 0 items/min)
2018-06-08 12:32:00 [scrapy.extensions.logstats] INFO: Crawled 2815 pages (at 8 pages/min), scraped 49927 items (at 0 items/min)
2018-06-08 12:32:59 [scrapy.extensions.logstats] INFO: Crawled 2822 pages (at 7 pages/min), scraped 49927 items (at 0 items/min)
2018-06-08 12:34:02 [scrapy.extensions.logstats] INFO: Crawled 2837 pages (at 15 pages/min), scraped 49936 items (at 9 items/min)
2018-06-08 12:35:00 [scrapy.extensions.logstats] INFO: Crawled 2875 pages (at 38 pages/min), scraped 50178 items (at 242 items/min)
